The system is: Linux - 4.15.0-47-generic - x86_64
Compiling the CXX compiler identification source file "CMakeCXXCompilerId.cpp" succeeded.
Compiler: /applications/gnat/bin/c++ 
Build flags: 
Id flags:  

The output was:
0


Compilation of the CXX compiler identification source "CMakeCXXCompilerId.cpp" produced "a.out"

The CXX compiler identification is GNU, found in "/home/tsadurni/Documents/Annee_2/TI/tpTI-v2021.0.3/build/CMakeFiles/3.10.2/CompilerIdCXX/a.out"

Determining if the CXX compiler works passed with the following output:
Change Dir: /home/tsadurni/Documents/Annee_2/TI/tpTI-v2021.0.3/build/CMakeFiles/CMakeTmp

Run Build Command:"/usr/bin/make" "cmTC_c3b2d/fast"
/usr/bin/make -f CMakeFiles/cmTC_c3b2d.dir/build.make CMakeFiles/cmTC_c3b2d.dir/build
make[1] : on entre dans le répertoire « /home/tsadurni/Documents/Annee_2/TI/tpTI-v2021.0.3/build/CMakeFiles/CMakeTmp »
Building CXX object CMakeFiles/cmTC_c3b2d.dir/testCXXCompiler.cxx.o
/applications/gnat/bin/c++     -o CMakeFiles/cmTC_c3b2d.dir/testCXXCompiler.cxx.o -c /home/tsadurni/Documents/Annee_2/TI/tpTI-v2021.0.3/build/CMakeFiles/CMakeTmp/testCXXCompiler.cxx
Linking CXX executable cmTC_c3b2d
/usr/bin/cmake -E cmake_link_script CMakeFiles/cmTC_c3b2d.dir/link.txt --verbose=1
/applications/gnat/bin/c++       CMakeFiles/cmTC_c3b2d.dir/testCXXCompiler.cxx.o  -o cmTC_c3b2d 
make[1] : on quitte le répertoire « /home/tsadurni/Documents/Annee_2/TI/tpTI-v2021.0.3/build/CMakeFiles/CMakeTmp »


Detecting CXX compiler ABI info compiled with the following output:
Change Dir: /home/tsadurni/Documents/Annee_2/TI/tpTI-v2021.0.3/build/CMakeFiles/CMakeTmp

Run Build Command:"/usr/bin/make" "cmTC_8e1c1/fast"
/usr/bin/make -f CMakeFiles/cmTC_8e1c1.dir/build.make CMakeFiles/cmTC_8e1c1.dir/build
make[1] : on entre dans le répertoire « /home/tsadurni/Documents/Annee_2/TI/tpTI-v2021.0.3/build/CMakeFiles/CMakeTmp »
Building CXX object CMakeFiles/cmTC_8e1c1.dir/CMakeCXXCompilerABI.cpp.o
/applications/gnat/bin/c++     -o CMakeFiles/cmTC_8e1c1.dir/CMakeCXXCompilerABI.cpp.o -c /usr/share/cmake-3.10/Modules/CMakeCXXCompilerABI.cpp
Linking CXX executable cmTC_8e1c1
/usr/bin/cmake -E cmake_link_script CMakeFiles/cmTC_8e1c1.dir/link.txt --verbose=1
/applications/gnat/bin/c++      -v CMakeFiles/cmTC_8e1c1.dir/CMakeCXXCompilerABI.cpp.o  -o cmTC_8e1c1 
Using built-in specs.
COLLECT_GCC=/applications/gnat/bin/c++
COLLECT_LTO_WRAPPER=/applications/gnat/bin/../libexec/gcc/x86_64-pc-linux-gnu/8.3.1/lto-wrapper
OFFLOAD_TARGET_NAMES=nvptx-none
Target: x86_64-pc-linux-gnu
Configured with: ../src/configure --enable-languages=ada,c,c++ --enable-dual-exceptions --enable-offload-targets=nvptx-none --enable-_cxa_atexit --enable-threads=posix --with-bugurl=URL:mailto:report@adacore.com --disable-nls --without-libiconv-prefix --disable-libstdcxx-pch --disable-libada --enable-checking=release --disable-multilib --with-mpfr=/it/sbx/a2c2/x86_64-linux/mpfr_stable-c/install --with-gmp=/it/sbx/a2c2/x86_64-linux/gmp_stable-c/install --with-mpc=/it/sbx/a2c2/x86_64-linux/mpc_stable-c/install --with-build-time-tools=/it/sbx/a2c2/x86_64-linux/gcc-c/build/buildtools/bin --prefix=/it/sbx/a2c2/x86_64-linux/gcc-c/pkg --build=x86_64-pc-linux-gnu
Thread model: posix
gcc version 8.3.1 20190518 (for GNAT Community 2019 20190517) (GCC) 
COMPILER_PATH=/applications/gnat/bin/../libexec/gcc/x86_64-pc-linux-gnu/8.3.1/:/applications/gnat/bin/../libexec/gcc/
LIBRARY_PATH=/applications/gnat/bin/../lib/gcc/x86_64-pc-linux-gnu/8.3.1/:/applications/gnat/bin/../lib/gcc/:/applications/gnat/bin/../lib/gcc/x86_64-pc-linux-gnu/8.3.1/../../../../lib64/:/lib/../lib64/:/usr/lib/../lib64/:/applications/gnat/bin/../lib/gcc/x86_64-pc-linux-gnu/8.3.1/../../../../x86_64-pc-linux-gnu/lib/:/usr/lib/x86_64-linux-gnu/:/applications/gnat/bin/../lib/gcc/x86_64-pc-linux-gnu/8.3.1/../../../:/lib/:/usr/lib/
COLLECT_GCC_OPTIONS='-v' '-o' 'cmTC_8e1c1' '-shared-libgcc' '-mtune=generic' '-march=x86-64'
 /applications/gnat/bin/../libexec/gcc/x86_64-pc-linux-gnu/8.3.1/collect2 -plugin /applications/gnat/bin/../libexec/gcc/x86_64-pc-linux-gnu/8.3.1/liblto_plugin.so -plugin-opt=/applications/gnat/bin/../libexec/gcc/x86_64-pc-linux-gnu/8.3.1/lto-wrapper -plugin-opt=-fresolution=/tmp/ccCZEL7O.res -plugin-opt=-pass-through=-lgcc_s -plugin-opt=-pass-through=-lgcc -plugin-opt=-pass-through=-lc -plugin-opt=-pass-through=-lgcc_s -plugin-opt=-pass-through=-lgcc --eh-frame-hdr -m elf_x86_64 -dynamic-linker /lib64/ld-linux-x86-64.so.2 -o cmTC_8e1c1 /usr/lib/x86_64-linux-gnu/crt1.o /usr/lib/x86_64-linux-gnu/crti.o /applications/gnat/bin/../lib/gcc/x86_64-pc-linux-gnu/8.3.1/crtbegin.o -L/applications/gnat/bin/../lib/gcc/x86_64-pc-linux-gnu/8.3.1 -L/applications/gnat/bin/../lib/gcc -L/applications/gnat/bin/../lib/gcc/x86_64-pc-linux-gnu/8.3.1/../../../../lib64 -L/lib/../lib64 -L/usr/lib/../lib64 -L/applications/gnat/bin/../lib/gcc/x86_64-pc-linux-gnu/8.3.1/../../../../x86_64-pc-linux-gnu/lib -L/usr/lib/x86_64-linux-gnu -L/applications/gnat/bin/../lib/gcc/x86_64-pc-linux-gnu/8.3.1/../../.. CMakeFiles/cmTC_8e1c1.dir/CMakeCXXCompilerABI.cpp.o -lstdc++ -lm -lgcc_s -lgcc -lc -lgcc_s -lgcc /applications/gnat/bin/../lib/gcc/x86_64-pc-linux-gnu/8.3.1/crtend.o /usr/lib/x86_64-linux-gnu/crtn.o
COLLECT_GCC_OPTIONS='-v' '-o' 'cmTC_8e1c1' '-shared-libgcc' '-mtune=generic' '-march=x86-64'
make[1] : on quitte le répertoire « /home/tsadurni/Documents/Annee_2/TI/tpTI-v2021.0.3/build/CMakeFiles/CMakeTmp »


Parsed CXX implicit link information from above output:
  link line regex: [^( *|.*[/\])(ld|CMAKE_LINK_STARTFILE-NOTFOUND|([^/\]+-)?ld|collect2)[^/\]*( |$)]
  ignore line: [Change Dir: /home/tsadurni/Documents/Annee_2/TI/tpTI-v2021.0.3/build/CMakeFiles/CMakeTmp]
  ignore line: []
  ignore line: [Run Build Command:"/usr/bin/make" "cmTC_8e1c1/fast"]
  ignore line: [/usr/bin/make -f CMakeFiles/cmTC_8e1c1.dir/build.make CMakeFiles/cmTC_8e1c1.dir/build]
  ignore line: [make[1] : on entre dans le répertoire « /home/tsadurni/Documents/Annee_2/TI/tpTI-v2021.0.3/build/CMakeFiles/CMakeTmp »]
  ignore line: [Building CXX object CMakeFiles/cmTC_8e1c1.dir/CMakeCXXCompilerABI.cpp.o]
  ignore line: [/applications/gnat/bin/c++     -o CMakeFiles/cmTC_8e1c1.dir/CMakeCXXCompilerABI.cpp.o -c /usr/share/cmake-3.10/Modules/CMakeCXXCompilerABI.cpp]
  ignore line: [Linking CXX executable cmTC_8e1c1]
  ignore line: [/usr/bin/cmake -E cmake_link_script CMakeFiles/cmTC_8e1c1.dir/link.txt --verbose=1]
  ignore line: [/applications/gnat/bin/c++      -v CMakeFiles/cmTC_8e1c1.dir/CMakeCXXCompilerABI.cpp.o  -o cmTC_8e1c1 ]
  ignore line: [Using built-in specs.]
  ignore line: [COLLECT_GCC=/applications/gnat/bin/c++]
  ignore line: [COLLECT_LTO_WRAPPER=/applications/gnat/bin/../libexec/gcc/x86_64-pc-linux-gnu/8.3.1/lto-wrapper]
  ignore line: [OFFLOAD_TARGET_NAMES=nvptx-none]
  ignore line: [Target: x86_64-pc-linux-gnu]
  ignore line: [Configured with: ../src/configure --enable-languages=ada,c,c++ --enable-dual-exceptions --enable-offload-targets=nvptx-none --enable-_cxa_atexit --enable-threads=posix --with-bugurl=URL:mailto:report@adacore.com --disable-nls --without-libiconv-prefix --disable-libstdcxx-pch --disable-libada --enable-checking=release --disable-multilib --with-mpfr=/it/sbx/a2c2/x86_64-linux/mpfr_stable-c/install --with-gmp=/it/sbx/a2c2/x86_64-linux/gmp_stable-c/install --with-mpc=/it/sbx/a2c2/x86_64-linux/mpc_stable-c/install --with-build-time-tools=/it/sbx/a2c2/x86_64-linux/gcc-c/build/buildtools/bin --prefix=/it/sbx/a2c2/x86_64-linux/gcc-c/pkg --build=x86_64-pc-linux-gnu]
  ignore line: [Thread model: posix]
  ignore line: [gcc version 8.3.1 20190518 (for GNAT Community 2019 20190517) (GCC) ]
  ignore line: [COMPILER_PATH=/applications/gnat/bin/../libexec/gcc/x86_64-pc-linux-gnu/8.3.1/:/applications/gnat/bin/../libexec/gcc/]
  ignore line: [LIBRARY_PATH=/applications/gnat/bin/../lib/gcc/x86_64-pc-linux-gnu/8.3.1/:/applications/gnat/bin/../lib/gcc/:/applications/gnat/bin/../lib/gcc/x86_64-pc-linux-gnu/8.3.1/../../../../lib64/:/lib/../lib64/:/usr/lib/../lib64/:/applications/gnat/bin/../lib/gcc/x86_64-pc-linux-gnu/8.3.1/../../../../x86_64-pc-linux-gnu/lib/:/usr/lib/x86_64-linux-gnu/:/applications/gnat/bin/../lib/gcc/x86_64-pc-linux-gnu/8.3.1/../../../:/lib/:/usr/lib/]
  ignore line: [COLLECT_GCC_OPTIONS='-v' '-o' 'cmTC_8e1c1' '-shared-libgcc' '-mtune=generic' '-march=x86-64']
  link line: [ /applications/gnat/bin/../libexec/gcc/x86_64-pc-linux-gnu/8.3.1/collect2 -plugin /applications/gnat/bin/../libexec/gcc/x86_64-pc-linux-gnu/8.3.1/liblto_plugin.so -plugin-opt=/applications/gnat/bin/../libexec/gcc/x86_64-pc-linux-gnu/8.3.1/lto-wrapper -plugin-opt=-fresolution=/tmp/ccCZEL7O.res -plugin-opt=-pass-through=-lgcc_s -plugin-opt=-pass-through=-lgcc -plugin-opt=-pass-through=-lc -plugin-opt=-pass-through=-lgcc_s -plugin-opt=-pass-through=-lgcc --eh-frame-hdr -m elf_x86_64 -dynamic-linker /lib64/ld-linux-x86-64.so.2 -o cmTC_8e1c1 /usr/lib/x86_64-linux-gnu/crt1.o /usr/lib/x86_64-linux-gnu/crti.o /applications/gnat/bin/../lib/gcc/x86_64-pc-linux-gnu/8.3.1/crtbegin.o -L/applications/gnat/bin/../lib/gcc/x86_64-pc-linux-gnu/8.3.1 -L/applications/gnat/bin/../lib/gcc -L/applications/gnat/bin/../lib/gcc/x86_64-pc-linux-gnu/8.3.1/../../../../lib64 -L/lib/../lib64 -L/usr/lib/../lib64 -L/applications/gnat/bin/../lib/gcc/x86_64-pc-linux-gnu/8.3.1/../../../../x86_64-pc-linux-gnu/lib -L/usr/lib/x86_64-linux-gnu -L/applications/gnat/bin/../lib/gcc/x86_64-pc-linux-gnu/8.3.1/../../.. CMakeFiles/cmTC_8e1c1.dir/CMakeCXXCompilerABI.cpp.o -lstdc++ -lm -lgcc_s -lgcc -lc -lgcc_s -lgcc /applications/gnat/bin/../lib/gcc/x86_64-pc-linux-gnu/8.3.1/crtend.o /usr/lib/x86_64-linux-gnu/crtn.o]
    arg [/applications/gnat/bin/../libexec/gcc/x86_64-pc-linux-gnu/8.3.1/collect2] ==> ignore
    arg [-plugin] ==> ignore
    arg [/applications/gnat/bin/../libexec/gcc/x86_64-pc-linux-gnu/8.3.1/liblto_plugin.so] ==> ignore
    arg [-plugin-opt=/applications/gnat/bin/../libexec/gcc/x86_64-pc-linux-gnu/8.3.1/lto-wrapper] ==> ignore
    arg [-plugin-opt=-fresolution=/tmp/ccCZEL7O.res] ==> ignore
    arg [-plugin-opt=-pass-through=-lgcc_s] ==> ignore
    arg [-plugin-opt=-pass-through=-lgcc] ==> ignore
    arg [-plugin-opt=-pass-through=-lc] ==> ignore
    arg [-plugin-opt=-pass-through=-lgcc_s] ==> ignore
    arg [-plugin-opt=-pass-through=-lgcc] ==> ignore
    arg [--eh-frame-hdr] ==> ignore
    arg [-m] ==> ignore
    arg [elf_x86_64] ==> ignore
    arg [-dynamic-linker] ==> ignore
    arg [/lib64/ld-linux-x86-64.so.2] ==> ignore
    arg [-o] ==> ignore
    arg [cmTC_8e1c1] ==> ignore
    arg [/usr/lib/x86_64-linux-gnu/crt1.o] ==> ignore
    arg [/usr/lib/x86_64-linux-gnu/crti.o] ==> ignore
    arg [/applications/gnat/bin/../lib/gcc/x86_64-pc-linux-gnu/8.3.1/crtbegin.o] ==> ignore
    arg [-L/applications/gnat/bin/../lib/gcc/x86_64-pc-linux-gnu/8.3.1] ==> dir [/applications/gnat/bin/../lib/gcc/x86_64-pc-linux-gnu/8.3.1]
    arg [-L/applications/gnat/bin/../lib/gcc] ==> dir [/applications/gnat/bin/../lib/gcc]
    arg [-L/applications/gnat/bin/../lib/gcc/x86_64-pc-linux-gnu/8.3.1/../../../../lib64] ==> dir [/applications/gnat/bin/../lib/gcc/x86_64-pc-linux-gnu/8.3.1/../../../../lib64]
    arg [-L/lib/../lib64] ==> dir [/lib/../lib64]
    arg [-L/usr/lib/../lib64] ==> dir [/usr/lib/../lib64]
    arg [-L/applications/gnat/bin/../lib/gcc/x86_64-pc-linux-gnu/8.3.1/../../../../x86_64-pc-linux-gnu/lib] ==> dir [/applications/gnat/bin/../lib/gcc/x86_64-pc-linux-gnu/8.3.1/../../../../x86_64-pc-linux-gnu/lib]
    arg [-L/usr/lib/x86_64-linux-gnu] ==> dir [/usr/lib/x86_64-linux-gnu]
    arg [-L/applications/gnat/bin/../lib/gcc/x86_64-pc-linux-gnu/8.3.1/../../..] ==> dir [/applications/gnat/bin/../lib/gcc/x86_64-pc-linux-gnu/8.3.1/../../..]
    arg [CMakeFiles/cmTC_8e1c1.dir/CMakeCXXCompilerABI.cpp.o] ==> ignore
    arg [-lstdc++] ==> lib [stdc++]
    arg [-lm] ==> lib [m]
    arg [-lgcc_s] ==> lib [gcc_s]
    arg [-lgcc] ==> lib [gcc]
    arg [-lc] ==> lib [c]
    arg [-lgcc_s] ==> lib [gcc_s]
    arg [-lgcc] ==> lib [gcc]
    arg [/applications/gnat/bin/../lib/gcc/x86_64-pc-linux-gnu/8.3.1/crtend.o] ==> ignore
    arg [/usr/lib/x86_64-linux-gnu/crtn.o] ==> ignore
  collapse library dir [/applications/gnat/bin/../lib/gcc/x86_64-pc-linux-gnu/8.3.1] ==> [/applications/gnat/lib/gcc/x86_64-pc-linux-gnu/8.3.1]
  collapse library dir [/applications/gnat/bin/../lib/gcc] ==> [/applications/gnat/lib/gcc]
  collapse library dir [/applications/gnat/bin/../lib/gcc/x86_64-pc-linux-gnu/8.3.1/../../../../lib64] ==> [/applications/gnat/lib64]
  collapse library dir [/lib/../lib64] ==> [/lib64]
  collapse library dir [/usr/lib/../lib64] ==> [/usr/lib64]
  collapse library dir [/applications/gnat/bin/../lib/gcc/x86_64-pc-linux-gnu/8.3.1/../../../../x86_64-pc-linux-gnu/lib] ==> [/applications/gnat/x86_64-pc-linux-gnu/lib]
  collapse library dir [/usr/lib/x86_64-linux-gnu] ==> [/usr/lib/x86_64-linux-gnu]
  collapse library dir [/applications/gnat/bin/../lib/gcc/x86_64-pc-linux-gnu/8.3.1/../../..] ==> [/applications/gnat/lib]
  implicit libs: [stdc++;m;gcc_s;gcc;c;gcc_s;gcc]
  implicit dirs: [/applications/gnat/lib/gcc/x86_64-pc-linux-gnu/8.3.1;/applications/gnat/lib/gcc;/applications/gnat/lib64;/lib64;/usr/lib64;/applications/gnat/x86_64-pc-linux-gnu/lib;/usr/lib/x86_64-linux-gnu;/applications/gnat/lib]
  implicit fwks: []




Detecting CXX [-std=c++1z] compiler features compiled with the following output:
Change Dir: /home/tsadurni/Documents/Annee_2/TI/tpTI-v2021.0.3/build/CMakeFiles/CMakeTmp

Run Build Command:"/usr/bin/make" "cmTC_a9b25/fast"
/usr/bin/make -f CMakeFiles/cmTC_a9b25.dir/build.make CMakeFiles/cmTC_a9b25.dir/build
make[1] : on entre dans le répertoire « /home/tsadurni/Documents/Annee_2/TI/tpTI-v2021.0.3/build/CMakeFiles/CMakeTmp »
Building CXX object CMakeFiles/cmTC_a9b25.dir/feature_tests.cxx.o
/applications/gnat/bin/c++    -std=c++1z -o CMakeFiles/cmTC_a9b25.dir/feature_tests.cxx.o -c /home/tsadurni/Documents/Annee_2/TI/tpTI-v2021.0.3/build/CMakeFiles/feature_tests.cxx
Linking CXX executable cmTC_a9b25
/usr/bin/cmake -E cmake_link_script CMakeFiles/cmTC_a9b25.dir/link.txt --verbose=1
/applications/gnat/bin/c++       CMakeFiles/cmTC_a9b25.dir/feature_tests.cxx.o  -o cmTC_a9b25 
make[1] : on quitte le répertoire « /home/tsadurni/Documents/Annee_2/TI/tpTI-v2021.0.3/build/CMakeFiles/CMakeTmp »


    Feature record: CXX_FEATURE:1cxx_aggregate_default_initializers
    Feature record: CXX_FEATURE:1cxx_alias_templates
    Feature record: CXX_FEATURE:1cxx_alignas
    Feature record: CXX_FEATURE:1cxx_alignof
    Feature record: CXX_FEATURE:1cxx_attributes
    Feature record: CXX_FEATURE:1cxx_attribute_deprecated
    Feature record: CXX_FEATURE:1cxx_auto_type
    Feature record: CXX_FEATURE:1cxx_binary_literals
    Feature record: CXX_FEATURE:1cxx_constexpr
    Feature record: CXX_FEATURE:1cxx_contextual_conversions
    Feature record: CXX_FEATURE:1cxx_decltype
    Feature record: CXX_FEATURE:1cxx_decltype_auto
    Feature record: CXX_FEATURE:1cxx_decltype_incomplete_return_types
    Feature record: CXX_FEATURE:1cxx_default_function_template_args
    Feature record: CXX_FEATURE:1cxx_defaulted_functions
    Feature record: CXX_FEATURE:1cxx_defaulted_move_initializers
    Feature record: CXX_FEATURE:1cxx_delegating_constructors
    Feature record: CXX_FEATURE:1cxx_deleted_functions
    Feature record: CXX_FEATURE:1cxx_digit_separators
    Feature record: CXX_FEATURE:1cxx_enum_forward_declarations
    Feature record: CXX_FEATURE:1cxx_explicit_conversions
    Feature record: CXX_FEATURE:1cxx_extended_friend_declarations
    Feature record: CXX_FEATURE:1cxx_extern_templates
    Feature record: CXX_FEATURE:1cxx_final
    Feature record: CXX_FEATURE:1cxx_func_identifier
    Feature record: CXX_FEATURE:1cxx_generalized_initializers
    Feature record: CXX_FEATURE:1cxx_generic_lambdas
    Feature record: CXX_FEATURE:1cxx_inheriting_constructors
    Feature record: CXX_FEATURE:1cxx_inline_namespaces
    Feature record: CXX_FEATURE:1cxx_lambdas
    Feature record: CXX_FEATURE:1cxx_lambda_init_captures
    Feature record: CXX_FEATURE:1cxx_local_type_template_args
    Feature record: CXX_FEATURE:1cxx_long_long_type
    Feature record: CXX_FEATURE:1cxx_noexcept
    Feature record: CXX_FEATURE:1cxx_nonstatic_member_init
    Feature record: CXX_FEATURE:1cxx_nullptr
    Feature record: CXX_FEATURE:1cxx_override
    Feature record: CXX_FEATURE:1cxx_range_for
    Feature record: CXX_FEATURE:1cxx_raw_string_literals
    Feature record: CXX_FEATURE:1cxx_reference_qualified_functions
    Feature record: CXX_FEATURE:1cxx_relaxed_constexpr
    Feature record: CXX_FEATURE:1cxx_return_type_deduction
    Feature record: CXX_FEATURE:1cxx_right_angle_brackets
    Feature record: CXX_FEATURE:1cxx_rvalue_references
    Feature record: CXX_FEATURE:1cxx_sizeof_member
    Feature record: CXX_FEATURE:1cxx_static_assert
    Feature record: CXX_FEATURE:1cxx_strong_enums
    Feature record: CXX_FEATURE:1cxx_template_template_parameters
    Feature record: CXX_FEATURE:1cxx_thread_local
    Feature record: CXX_FEATURE:1cxx_trailing_return_types
    Feature record: CXX_FEATURE:1cxx_unicode_literals
    Feature record: CXX_FEATURE:1cxx_uniform_initialization
    Feature record: CXX_FEATURE:1cxx_unrestricted_unions
    Feature record: CXX_FEATURE:1cxx_user_literals
    Feature record: CXX_FEATURE:1cxx_variable_templates
    Feature record: CXX_FEATURE:1cxx_variadic_macros
    Feature record: CXX_FEATURE:1cxx_variadic_templates


Detecting CXX [-std=c++14] compiler features compiled with the following output:
Change Dir: /home/tsadurni/Documents/Annee_2/TI/tpTI-v2021.0.3/build/CMakeFiles/CMakeTmp

Run Build Command:"/usr/bin/make" "cmTC_47278/fast"
/usr/bin/make -f CMakeFiles/cmTC_47278.dir/build.make CMakeFiles/cmTC_47278.dir/build
make[1] : on entre dans le répertoire « /home/tsadurni/Documents/Annee_2/TI/tpTI-v2021.0.3/build/CMakeFiles/CMakeTmp »
Building CXX object CMakeFiles/cmTC_47278.dir/feature_tests.cxx.o
/applications/gnat/bin/c++    -std=c++14 -o CMakeFiles/cmTC_47278.dir/feature_tests.cxx.o -c /home/tsadurni/Documents/Annee_2/TI/tpTI-v2021.0.3/build/CMakeFiles/feature_tests.cxx
Linking CXX executable cmTC_47278
/usr/bin/cmake -E cmake_link_script CMakeFiles/cmTC_47278.dir/link.txt --verbose=1
/applications/gnat/bin/c++       CMakeFiles/cmTC_47278.dir/feature_tests.cxx.o  -o cmTC_47278 
make[1] : on quitte le répertoire « /home/tsadurni/Documents/Annee_2/TI/tpTI-v2021.0.3/build/CMakeFiles/CMakeTmp »


    Feature record: CXX_FEATURE:1cxx_aggregate_default_initializers
    Feature record: CXX_FEATURE:1cxx_alias_templates
    Feature record: CXX_FEATURE:1cxx_alignas
    Feature record: CXX_FEATURE:1cxx_alignof
    Feature record: CXX_FEATURE:1cxx_attributes
    Feature record: CXX_FEATURE:1cxx_attribute_deprecated
    Feature record: CXX_FEATURE:1cxx_auto_type
    Feature record: CXX_FEATURE:1cxx_binary_literals
    Feature record: CXX_FEATURE:1cxx_constexpr
    Feature record: CXX_FEATURE:1cxx_contextual_conversions
    Feature record: CXX_FEATURE:1cxx_decltype
    Feature record: CXX_FEATURE:1cxx_decltype_auto
    Feature record: CXX_FEATURE:1cxx_decltype_incomplete_return_types
    Feature record: CXX_FEATURE:1cxx_default_function_template_args
    Feature record: CXX_FEATURE:1cxx_defaulted_functions
    Feature record: CXX_FEATURE:1cxx_defaulted_move_initializers
    Feature record: CXX_FEATURE:1cxx_delegating_constructors
    Feature record: CXX_FEATURE:1cxx_deleted_functions
    Feature record: CXX_FEATURE:1cxx_digit_separators
    Feature record: CXX_FEATURE:1cxx_enum_forward_declarations
    Feature record: CXX_FEATURE:1cxx_explicit_conversions
    Feature record: CXX_FEATURE:1cxx_extended_friend_declarations
    Feature record: CXX_FEATURE:1cxx_extern_templates
    Feature record: CXX_FEATURE:1cxx_final
    Feature record: CXX_FEATURE:1cxx_func_identifier
    Feature record: CXX_FEATURE:1cxx_generalized_initializers
    Feature record: CXX_FEATURE:1cxx_generic_lambdas
    Feature record: CXX_FEATURE:1cxx_inheriting_constructors
    Feature record: CXX_FEATURE:1cxx_inline_namespaces
    Feature record: CXX_FEATURE:1cxx_lambdas
    Feature record: CXX_FEATURE:1cxx_lambda_init_captures
    Feature record: CXX_FEATURE:1cxx_local_type_template_args
    Feature record: CXX_FEATURE:1cxx_long_long_type
    Feature record: CXX_FEATURE:1cxx_noexcept
    Feature record: CXX_FEATURE:1cxx_nonstatic_member_init
    Feature record: CXX_FEATURE:1cxx_nullptr
    Feature record: CXX_FEATURE:1cxx_override
    Feature record: CXX_FEATURE:1cxx_range_for
    Feature record: CXX_FEATURE:1cxx_raw_string_literals
    Feature record: CXX_FEATURE:1cxx_reference_qualified_functions
    Feature record: CXX_FEATURE:1cxx_relaxed_constexpr
    Feature record: CXX_FEATURE:1cxx_return_type_deduction
    Feature record: CXX_FEATURE:1cxx_right_angle_brackets
    Feature record: CXX_FEATURE:1cxx_rvalue_references
    Feature record: CXX_FEATURE:1cxx_sizeof_member
    Feature record: CXX_FEATURE:1cxx_static_assert
    Feature record: CXX_FEATURE:1cxx_strong_enums
    Feature record: CXX_FEATURE:1cxx_template_template_parameters
    Feature record: CXX_FEATURE:1cxx_thread_local
    Feature record: CXX_FEATURE:1cxx_trailing_return_types
    Feature record: CXX_FEATURE:1cxx_unicode_literals
    Feature record: CXX_FEATURE:1cxx_uniform_initialization
    Feature record: CXX_FEATURE:1cxx_unrestricted_unions
    Feature record: CXX_FEATURE:1cxx_user_literals
    Feature record: CXX_FEATURE:1cxx_variable_templates
    Feature record: CXX_FEATURE:1cxx_variadic_macros
    Feature record: CXX_FEATURE:1cxx_variadic_templates


Detecting CXX [-std=c++11] compiler features compiled with the following output:
Change Dir: /home/tsadurni/Documents/Annee_2/TI/tpTI-v2021.0.3/build/CMakeFiles/CMakeTmp

Run Build Command:"/usr/bin/make" "cmTC_37793/fast"
/usr/bin/make -f CMakeFiles/cmTC_37793.dir/build.make CMakeFiles/cmTC_37793.dir/build
make[1] : on entre dans le répertoire « /home/tsadurni/Documents/Annee_2/TI/tpTI-v2021.0.3/build/CMakeFiles/CMakeTmp »
Building CXX object CMakeFiles/cmTC_37793.dir/feature_tests.cxx.o
/applications/gnat/bin/c++    -std=c++11 -o CMakeFiles/cmTC_37793.dir/feature_tests.cxx.o -c /home/tsadurni/Documents/Annee_2/TI/tpTI-v2021.0.3/build/CMakeFiles/feature_tests.cxx
Linking CXX executable cmTC_37793
/usr/bin/cmake -E cmake_link_script CMakeFiles/cmTC_37793.dir/link.txt --verbose=1
/applications/gnat/bin/c++       CMakeFiles/cmTC_37793.dir/feature_tests.cxx.o  -o cmTC_37793 
make[1] : on quitte le répertoire « /home/tsadurni/Documents/Annee_2/TI/tpTI-v2021.0.3/build/CMakeFiles/CMakeTmp »


    Feature record: CXX_FEATURE:0cxx_aggregate_default_initializers
    Feature record: CXX_FEATURE:1cxx_alias_templates
    Feature record: CXX_FEATURE:1cxx_alignas
    Feature record: CXX_FEATURE:1cxx_alignof
    Feature record: CXX_FEATURE:1cxx_attributes
    Feature record: CXX_FEATURE:0cxx_attribute_deprecated
    Feature record: CXX_FEATURE:1cxx_auto_type
    Feature record: CXX_FEATURE:0cxx_binary_literals
    Feature record: CXX_FEATURE:1cxx_constexpr
    Feature record: CXX_FEATURE:0cxx_contextual_conversions
    Feature record: CXX_FEATURE:1cxx_decltype
    Feature record: CXX_FEATURE:0cxx_decltype_auto
    Feature record: CXX_FEATURE:1cxx_decltype_incomplete_return_types
    Feature record: CXX_FEATURE:1cxx_default_function_template_args
    Feature record: CXX_FEATURE:1cxx_defaulted_functions
    Feature record: CXX_FEATURE:1cxx_defaulted_move_initializers
    Feature record: CXX_FEATURE:1cxx_delegating_constructors
    Feature record: CXX_FEATURE:1cxx_deleted_functions
    Feature record: CXX_FEATURE:0cxx_digit_separators
    Feature record: CXX_FEATURE:1cxx_enum_forward_declarations
    Feature record: CXX_FEATURE:1cxx_explicit_conversions
    Feature record: CXX_FEATURE:1cxx_extended_friend_declarations
    Feature record: CXX_FEATURE:1cxx_extern_templates
    Feature record: CXX_FEATURE:1cxx_final
    Feature record: CXX_FEATURE:1cxx_func_identifier
    Feature record: CXX_FEATURE:1cxx_generalized_initializers
    Feature record: CXX_FEATURE:0cxx_generic_lambdas
    Feature record: CXX_FEATURE:1cxx_inheriting_constructors
    Feature record: CXX_FEATURE:1cxx_inline_namespaces
    Feature record: CXX_FEATURE:1cxx_lambdas
    Feature record: CXX_FEATURE:0cxx_lambda_init_captures
    Feature record: CXX_FEATURE:1cxx_local_type_template_args
    Feature record: CXX_FEATURE:1cxx_long_long_type
    Feature record: CXX_FEATURE:1cxx_noexcept
    Feature record: CXX_FEATURE:1cxx_nonstatic_member_init
    Feature record: CXX_FEATURE:1cxx_nullptr
    Feature record: CXX_FEATURE:1cxx_override
    Feature record: CXX_FEATURE:1cxx_range_for
    Feature record: CXX_FEATURE:1cxx_raw_string_literals
    Feature record: CXX_FEATURE:1cxx_reference_qualified_functions
    Feature record: CXX_FEATURE:0cxx_relaxed_constexpr
    Feature record: CXX_FEATURE:0cxx_return_type_deduction
    Feature record: CXX_FEATURE:1cxx_right_angle_brackets
    Feature record: CXX_FEATURE:1cxx_rvalue_references
    Feature record: CXX_FEATURE:1cxx_sizeof_member
    Feature record: CXX_FEATURE:1cxx_static_assert
    Feature record: CXX_FEATURE:1cxx_strong_enums
    Feature record: CXX_FEATURE:1cxx_template_template_parameters
    Feature record: CXX_FEATURE:1cxx_thread_local
    Feature record: CXX_FEATURE:1cxx_trailing_return_types
    Feature record: CXX_FEATURE:1cxx_unicode_literals
    Feature record: CXX_FEATURE:1cxx_uniform_initialization
    Feature record: CXX_FEATURE:1cxx_unrestricted_unions
    Feature record: CXX_FEATURE:1cxx_user_literals
    Feature record: CXX_FEATURE:0cxx_variable_templates
    Feature record: CXX_FEATURE:1cxx_variadic_macros
    Feature record: CXX_FEATURE:1cxx_variadic_templates


Detecting CXX [-std=c++98] compiler features compiled with the following output:
Change Dir: /home/tsadurni/Documents/Annee_2/TI/tpTI-v2021.0.3/build/CMakeFiles/CMakeTmp

Run Build Command:"/usr/bin/make" "cmTC_6e769/fast"
/usr/bin/make -f CMakeFiles/cmTC_6e769.dir/build.make CMakeFiles/cmTC_6e769.dir/build
make[1] : on entre dans le répertoire « /home/tsadurni/Documents/Annee_2/TI/tpTI-v2021.0.3/build/CMakeFiles/CMakeTmp »
Building CXX object CMakeFiles/cmTC_6e769.dir/feature_tests.cxx.o
/applications/gnat/bin/c++    -std=c++98 -o CMakeFiles/cmTC_6e769.dir/feature_tests.cxx.o -c /home/tsadurni/Documents/Annee_2/TI/tpTI-v2021.0.3/build/CMakeFiles/feature_tests.cxx
Linking CXX executable cmTC_6e769
/usr/bin/cmake -E cmake_link_script CMakeFiles/cmTC_6e769.dir/link.txt --verbose=1
/applications/gnat/bin/c++       CMakeFiles/cmTC_6e769.dir/feature_tests.cxx.o  -o cmTC_6e769 
make[1] : on quitte le répertoire « /home/tsadurni/Documents/Annee_2/TI/tpTI-v2021.0.3/build/CMakeFiles/CMakeTmp »


    Feature record: CXX_FEATURE:0cxx_aggregate_default_initializers
    Feature record: CXX_FEATURE:0cxx_alias_templates
    Feature record: CXX_FEATURE:0cxx_alignas
    Feature record: CXX_FEATURE:0cxx_alignof
    Feature record: CXX_FEATURE:0cxx_attributes
    Feature record: CXX_FEATURE:0cxx_attribute_deprecated
    Feature record: CXX_FEATURE:0cxx_auto_type
    Feature record: CXX_FEATURE:0cxx_binary_literals
    Feature record: CXX_FEATURE:0cxx_constexpr
    Feature record: CXX_FEATURE:0cxx_contextual_conversions
    Feature record: CXX_FEATURE:0cxx_decltype
    Feature record: CXX_FEATURE:0cxx_decltype_auto
    Feature record: CXX_FEATURE:0cxx_decltype_incomplete_return_types
    Feature record: CXX_FEATURE:0cxx_default_function_template_args
    Feature record: CXX_FEATURE:0cxx_defaulted_functions
    Feature record: CXX_FEATURE:0cxx_defaulted_move_initializers
    Feature record: CXX_FEATURE:0cxx_delegating_constructors
    Feature record: CXX_FEATURE:0cxx_deleted_functions
    Feature record: CXX_FEATURE:0cxx_digit_separators
    Feature record: CXX_FEATURE:0cxx_enum_forward_declarations
    Feature record: CXX_FEATURE:0cxx_explicit_conversions
    Feature record: CXX_FEATURE:0cxx_extended_friend_declarations
    Feature record: CXX_FEATURE:0cxx_extern_templates
    Feature record: CXX_FEATURE:0cxx_final
    Feature record: CXX_FEATURE:0cxx_func_identifier
    Feature record: CXX_FEATURE:0cxx_generalized_initializers
    Feature record: CXX_FEATURE:0cxx_generic_lambdas
    Feature record: CXX_FEATURE:0cxx_inheriting_constructors
    Feature record: CXX_FEATURE:0cxx_inline_namespaces
    Feature record: CXX_FEATURE:0cxx_lambdas
    Feature record: CXX_FEATURE:0cxx_lambda_init_captures
    Feature record: CXX_FEATURE:0cxx_local_type_template_args
    Feature record: CXX_FEATURE:0cxx_long_long_type
    Feature record: CXX_FEATURE:0cxx_noexcept
    Feature record: CXX_FEATURE:0cxx_nonstatic_member_init
    Feature record: CXX_FEATURE:0cxx_nullptr
    Feature record: CXX_FEATURE:0cxx_override
    Feature record: CXX_FEATURE:0cxx_range_for
    Feature record: CXX_FEATURE:0cxx_raw_string_literals
    Feature record: CXX_FEATURE:0cxx_reference_qualified_functions
    Feature record: CXX_FEATURE:0cxx_relaxed_constexpr
    Feature record: CXX_FEATURE:0cxx_return_type_deduction
    Feature record: CXX_FEATURE:0cxx_right_angle_brackets
    Feature record: CXX_FEATURE:0cxx_rvalue_references
    Feature record: CXX_FEATURE:0cxx_sizeof_member
    Feature record: CXX_FEATURE:0cxx_static_assert
    Feature record: CXX_FEATURE:0cxx_strong_enums
    Feature record: CXX_FEATURE:1cxx_template_template_parameters
    Feature record: CXX_FEATURE:0cxx_thread_local
    Feature record: CXX_FEATURE:0cxx_trailing_return_types
    Feature record: CXX_FEATURE:0cxx_unicode_literals
    Feature record: CXX_FEATURE:0cxx_uniform_initialization
    Feature record: CXX_FEATURE:0cxx_unrestricted_unions
    Feature record: CXX_FEATURE:0cxx_user_literals
    Feature record: CXX_FEATURE:0cxx_variable_templates
    Feature record: CXX_FEATURE:0cxx_variadic_macros
    Feature record: CXX_FEATURE:0cxx_variadic_templates
