Using pre-set license
Built from '2020.3/staging' branch; Version is '2020.3.3f1 (76626098c1c4) revision 7758432'; Using compiler version '192528614'; Build Type 'Release'
OS: 'Windows 10 Home; OS build 19042.985; Version 2009; 64bit' Language: 'fr' Physical Memory: 16198 MB
BatchMode: 1, IsHumanControllingUs: 0, StartBugReporterOnCrash: 0, Is64bit: 1, IsPro: 0

 COMMAND LINE ARGUMENTS:
C:\Program Files\Unity\Hub\Editor\2020.3.3f1\Editor\Unity.exe
-adb2
-batchMode
-noUpm
-name
AssetImportWorker0
-projectPath
C:/Users/thoma/Desktop/N7/2A/Modelisation Géométrique/TP2
-logFile
Logs/AssetImportWorker0.log
-srvPort
60443
Successfully changed project path to: C:/Users/thoma/Desktop/N7/2A/Modelisation Géométrique/TP2
C:/Users/thoma/Desktop/N7/2A/Modelisation Géométrique/TP2
Using Asset Import Pipeline V2.
Refreshing native plugins compatible for Editor in 70.45 ms, found 0 plugins.
Preloading 0 native plugins for Editor in 0.00 ms.
Initialize engine version: 2020.3.3f1 (76626098c1c4)
[Subsystems] Discovering subsystems at path C:/Program Files/Unity/Hub/Editor/2020.3.3f1/Editor/Data/Resources/UnitySubsystems
[Subsystems] Discovering subsystems at path C:/Users/thoma/Desktop/N7/2A/Modelisation Géométrique/TP2/Assets
GfxDevice: creating device client; threaded=0
Direct3D:
    Version:  Direct3D 11.0 [level 11.1]
    Renderer: NVIDIA GeForce GTX 1050 with Max-Q Design (ID=0x1c8d)
    Vendor:   
    VRAM:     1979 MB
    Driver:   27.21.14.6627
Initialize mono
Mono path[0] = 'C:/Program Files/Unity/Hub/Editor/2020.3.3f1/Editor/Data/Managed'
Mono path[1] = 'C:/Program Files/Unity/Hub/Editor/2020.3.3f1/Editor/Data/MonoBleedingEdge/lib/mono/unityjit'
Mono config path = 'C:/Program Files/Unity/Hub/Editor/2020.3.3f1/Editor/Data/MonoBleedingEdge/etc'
Using monoOptions --debugger-agent=transport=dt_socket,embedding=1,server=y,suspend=n,address=127.0.0.1:56812
Begin MonoManager ReloadAssembly
Registering precompiled unity dll's ...
Register platform support module: C:/Program Files/Unity/Hub/Editor/2020.3.3f1/Editor/Data/PlaybackEngines/WindowsStandaloneSupport/UnityEditor.WindowsStandalone.Extensions.dll
Registered in 0.002247 seconds.
Native extension for WindowsStandalone target not found
Refreshing native plugins compatible for Editor in 37.05 ms, found 0 plugins.
Preloading 0 native plugins for Editor in 0.00 ms.
Invoked RoslynAnalysisRunner static constructor.
RoslynAnalysisRunner will not be running.
RoslynAnalysisRunner has terminated.
Mono: successfully reloaded assembly
- Completed reload, in  1.141 seconds
Platform modules already initialized, skipping
Registering precompiled user dll's ...
Registered in 0.002453 seconds.
Begin MonoManager ReloadAssembly
Native extension for WindowsStandalone target not found
Refreshing native plugins compatible for Editor in 0.90 ms, found 0 plugins.
Preloading 0 native plugins for Editor in 0.00 ms.
Invoked RoslynAnalysisRunner static constructor.
RoslynAnalysisRunner will not be running.
RoslynAnalysisRunner has terminated.
Mono: successfully reloaded assembly
- Completed reload, in  0.973 seconds
Platform modules already initialized, skipping
========================================================================
Worker process is ready to serve import requests
Launched and connected shader compiler UnityShaderCompiler.exe after 0.05 seconds
Refreshing native plugins compatible for Editor in 0.42 ms, found 0 plugins.
Preloading 0 native plugins for Editor in 0.00 ms.
Unloading 1421 Unused Serialized files (Serialized files now loaded: 0)
System memory in use before: 65.1 MB.
System memory in use after: 65.2 MB.

Unloading 33 unused Assets to reduce memory usage. Loaded Objects now: 1852.
Total: 2.188500 ms (FindLiveObjects: 0.176300 ms CreateObjectMapping: 0.061700 ms MarkObjects: 1.884300 ms  DeleteObjects: 0.064800 ms)

========================================================================
Received Import Request.
  path: Assets/Scripts/DeCasteljauSubdivision.cs
  artifactKey: Guid(afeb6064336b0e79a885f311289d9bd6) Importer(815301076,1909f56bfc062723c751e8b465ee728b)
Start importing Assets/Scripts/DeCasteljauSubdivision.cs using Guid(afeb6064336b0e79a885f311289d9bd6) Importer(815301076,1909f56bfc062723c751e8b465ee728b)  -> (artifact id: '2565156efb7a10885ea8319f56b28525') in 0.050145 seconds
  Import took 0.054218 seconds .

========================================================================
Received Prepare
Registering precompiled user dll's ...
Registered in 0.002132 seconds.
Begin MonoManager ReloadAssembly
Native extension for WindowsStandalone target not found
Refreshing native plugins compatible for Editor in 0.35 ms, found 0 plugins.
Preloading 0 native plugins for Editor in 0.00 ms.
Invoked RoslynAnalysisRunner static constructor.
RoslynAnalysisRunner will not be running.
RoslynAnalysisRunner has terminated.
Mono: successfully reloaded assembly
- Completed reload, in  0.900 seconds
Platform modules already initialized, skipping
Refreshing native plugins compatible for Editor in 0.52 ms, found 0 plugins.
Preloading 0 native plugins for Editor in 0.00 ms.
Unloading 1415 Unused Serialized files (Serialized files now loaded: 0)
System memory in use before: 65.0 MB.
System memory in use after: 65.1 MB.

Unloading 24 unused Assets to reduce memory usage. Loaded Objects now: 1855.
Total: 2.007300 ms (FindLiveObjects: 0.209500 ms CreateObjectMapping: 0.056500 ms MarkObjects: 1.716300 ms  DeleteObjects: 0.024200 ms)

========================================================================
Received Import Request.
  Time since last request: 233.565067 seconds.
  path: Assets/Materials/MatPlane.mat
  artifactKey: Guid(dfb5ccaf04fd32ca6b6d10e51864cd7e) Importer(815301076,1909f56bfc062723c751e8b465ee728b)
Start importing Assets/Materials/MatPlane.mat using Guid(dfb5ccaf04fd32ca6b6d10e51864cd7e) Importer(815301076,1909f56bfc062723c751e8b465ee728b)  -> (artifact id: '5f129a29496a671d527ce32e48001fe3') in 0.221570 seconds
  Import took 0.225889 seconds .

========================================================================
Received Import Request.
  Time since last request: 0.000283 seconds.
  path: Assets/Materials/MatPoint.mat
  artifactKey: Guid(b9b392bfeeb3fe2d082e558e8d170a70) Importer(815301076,1909f56bfc062723c751e8b465ee728b)
Start importing Assets/Materials/MatPoint.mat using Guid(b9b392bfeeb3fe2d082e558e8d170a70) Importer(815301076,1909f56bfc062723c751e8b465ee728b)  -> (artifact id: '36716c12f0da6358ac38491384358688') in 0.020110 seconds
  Import took 0.024033 seconds .

========================================================================
Received Import Request.
  Time since last request: 0.002727 seconds.
  path: Assets/Materials/MatPoint.mat
  artifactKey: Guid(b9b392bfeeb3fe2d082e558e8d170a70) Importer(815301076,1909f56bfc062723c751e8b465ee728b)
Start importing Assets/Materials/MatPoint.mat using Guid(b9b392bfeeb3fe2d082e558e8d170a70) Importer(815301076,1909f56bfc062723c751e8b465ee728b)  -> (artifact id: '36716c12f0da6358ac38491384358688') in 0.016127 seconds
  Import took 0.019244 seconds .

========================================================================
Received Import Request.
  Time since last request: 0.972273 seconds.
  path: Assets/Prefabs/Point.prefab
  artifactKey: Guid(f1b2703d05d77dd24abd67186244f0d7) Importer(815301076,1909f56bfc062723c751e8b465ee728b)
Start importing Assets/Prefabs/Point.prefab using Guid(f1b2703d05d77dd24abd67186244f0d7) Importer(815301076,1909f56bfc062723c751e8b465ee728b)  -> (artifact id: '79a5bae57e2abfaabc8cd67bf2cf25ee') in 0.047877 seconds
  Import took 0.052728 seconds .

========================================================================
Received Import Request.
  Time since last request: 8.811108 seconds.
  path: Assets/Scripts/SurfaceBezierPT.cs
  artifactKey: Guid(5992098304d3170419efaefe27a991df) Importer(815301076,1909f56bfc062723c751e8b465ee728b)
Start importing Assets/Scripts/SurfaceBezierPT.cs using Guid(5992098304d3170419efaefe27a991df) Importer(815301076,1909f56bfc062723c751e8b465ee728b)  -> (artifact id: 'a3e2591457ef176b46f9a15701fb3f09') in 0.009499 seconds
  Import took 0.013279 seconds .

========================================================================
Received Prepare
Registering precompiled user dll's ...
Registered in 0.007327 seconds.
Begin MonoManager ReloadAssembly
Native extension for WindowsStandalone target not found
Refreshing native plugins compatible for Editor in 0.79 ms, found 0 plugins.
Preloading 0 native plugins for Editor in 0.00 ms.
Invoked RoslynAnalysisRunner static constructor.
RoslynAnalysisRunner will not be running.
RoslynAnalysisRunner has terminated.
Mono: successfully reloaded assembly
- Completed reload, in  1.874 seconds
Platform modules already initialized, skipping
Refreshing native plugins compatible for Editor in 0.60 ms, found 0 plugins.
Preloading 0 native plugins for Editor in 0.00 ms.
Unloading 1415 Unused Serialized files (Serialized files now loaded: 0)
System memory in use before: 68.3 MB.
System memory in use after: 68.5 MB.

Unloading 24 unused Assets to reduce memory usage. Loaded Objects now: 1899.
Total: 3.752000 ms (FindLiveObjects: 0.301400 ms CreateObjectMapping: 0.123700 ms MarkObjects: 3.267500 ms  DeleteObjects: 0.057300 ms)

========================================================================
Received Prepare
Registering precompiled user dll's ...
Registered in 0.003516 seconds.
Begin MonoManager ReloadAssembly
Native extension for WindowsStandalone target not found
Refreshing native plugins compatible for Editor in 0.58 ms, found 0 plugins.
Preloading 0 native plugins for Editor in 0.00 ms.
Invoked RoslynAnalysisRunner static constructor.
RoslynAnalysisRunner will not be running.
RoslynAnalysisRunner has terminated.
Mono: successfully reloaded assembly
- Completed reload, in  1.922 seconds
Platform modules already initialized, skipping
Refreshing native plugins compatible for Editor in 0.52 ms, found 0 plugins.
Preloading 0 native plugins for Editor in 0.00 ms.
Unloading 1415 Unused Serialized files (Serialized files now loaded: 0)
System memory in use before: 68.4 MB.
System memory in use after: 68.5 MB.

Unloading 24 unused Assets to reduce memory usage. Loaded Objects now: 1902.
Total: 2.620700 ms (FindLiveObjects: 0.344100 ms CreateObjectMapping: 0.136100 ms MarkObjects: 2.110100 ms  DeleteObjects: 0.028400 ms)

========================================================================
Received Prepare
Registering precompiled user dll's ...
Registered in 0.004250 seconds.
Begin MonoManager ReloadAssembly
Native extension for WindowsStandalone target not found
Refreshing native plugins compatible for Editor in 0.73 ms, found 0 plugins.
Preloading 0 native plugins for Editor in 0.00 ms.
Invoked RoslynAnalysisRunner static constructor.
RoslynAnalysisRunner will not be running.
RoslynAnalysisRunner has terminated.
Mono: successfully reloaded assembly
- Completed reload, in  1.607 seconds
Platform modules already initialized, skipping
Refreshing native plugins compatible for Editor in 0.81 ms, found 0 plugins.
Preloading 0 native plugins for Editor in 0.00 ms.
Unloading 1415 Unused Serialized files (Serialized files now loaded: 0)
System memory in use before: 68.4 MB.
System memory in use after: 68.5 MB.

Unloading 24 unused Assets to reduce memory usage. Loaded Objects now: 1905.
Total: 2.894800 ms (FindLiveObjects: 0.317400 ms CreateObjectMapping: 0.132600 ms MarkObjects: 2.412100 ms  DeleteObjects: 0.030700 ms)

========================================================================
Received Prepare
Registering precompiled user dll's ...
Registered in 0.009083 seconds.
Begin MonoManager ReloadAssembly
Native extension for WindowsStandalone target not found
Refreshing native plugins compatible for Editor in 1.13 ms, found 0 plugins.
Preloading 0 native plugins for Editor in 0.00 ms.
Invoked RoslynAnalysisRunner static constructor.
RoslynAnalysisRunner will not be running.
RoslynAnalysisRunner has terminated.
Mono: successfully reloaded assembly
- Completed reload, in  2.365 seconds
Platform modules already initialized, skipping
Refreshing native plugins compatible for Editor in 0.86 ms, found 0 plugins.
Preloading 0 native plugins for Editor in 0.00 ms.
Unloading 1415 Unused Serialized files (Serialized files now loaded: 0)
System memory in use before: 68.4 MB.
System memory in use after: 68.5 MB.

Unloading 24 unused Assets to reduce memory usage. Loaded Objects now: 1908.
Total: 6.451100 ms (FindLiveObjects: 1.522300 ms CreateObjectMapping: 0.405300 ms MarkObjects: 4.477900 ms  DeleteObjects: 0.041000 ms)

========================================================================
Received Prepare
Registering precompiled user dll's ...
Registered in 0.008008 seconds.
Begin MonoManager ReloadAssembly
Native extension for WindowsStandalone target not found
Refreshing native plugins compatible for Editor in 0.71 ms, found 0 plugins.
Preloading 0 native plugins for Editor in 0.00 ms.
Invoked RoslynAnalysisRunner static constructor.
RoslynAnalysisRunner will not be running.
RoslynAnalysisRunner has terminated.
Mono: successfully reloaded assembly
- Completed reload, in  2.351 seconds
Platform modules already initialized, skipping
Refreshing native plugins compatible for Editor in 0.66 ms, found 0 plugins.
Preloading 0 native plugins for Editor in 0.00 ms.
Unloading 1415 Unused Serialized files (Serialized files now loaded: 0)
System memory in use before: 68.4 MB.
System memory in use after: 68.5 MB.

Unloading 24 unused Assets to reduce memory usage. Loaded Objects now: 1911.
Total: 5.227200 ms (FindLiveObjects: 0.941600 ms CreateObjectMapping: 0.269900 ms MarkObjects: 3.971400 ms  DeleteObjects: 0.040600 ms)

========================================================================
Received Prepare
Registering precompiled user dll's ...
Registered in 0.006651 seconds.
Begin MonoManager ReloadAssembly
Native extension for WindowsStandalone target not found
Refreshing native plugins compatible for Editor in 1.07 ms, found 0 plugins.
Preloading 0 native plugins for Editor in 0.00 ms.
Invoked RoslynAnalysisRunner static constructor.
RoslynAnalysisRunner will not be running.
RoslynAnalysisRunner has terminated.
Mono: successfully reloaded assembly
- Completed reload, in  2.132 seconds
Platform modules already initialized, skipping
Refreshing native plugins compatible for Editor in 1.15 ms, found 0 plugins.
Preloading 0 native plugins for Editor in 0.00 ms.
Unloading 1415 Unused Serialized files (Serialized files now loaded: 0)
System memory in use before: 68.4 MB.
System memory in use after: 68.5 MB.

Unloading 24 unused Assets to reduce memory usage. Loaded Objects now: 1914.
Total: 4.724500 ms (FindLiveObjects: 0.576100 ms CreateObjectMapping: 0.249000 ms MarkObjects: 3.849200 ms  DeleteObjects: 0.046800 ms)

========================================================================
Received Prepare
Registering precompiled user dll's ...
Registered in 0.004193 seconds.
Begin MonoManager ReloadAssembly
Native extension for WindowsStandalone target not found
Refreshing native plugins compatible for Editor in 1.02 ms, found 0 plugins.
Preloading 0 native plugins for Editor in 0.00 ms.
Invoked RoslynAnalysisRunner static constructor.
RoslynAnalysisRunner will not be running.
RoslynAnalysisRunner has terminated.
Mono: successfully reloaded assembly
- Completed reload, in  2.523 seconds
Platform modules already initialized, skipping
Refreshing native plugins compatible for Editor in 0.97 ms, found 0 plugins.
Preloading 0 native plugins for Editor in 0.00 ms.
Unloading 1415 Unused Serialized files (Serialized files now loaded: 0)
System memory in use before: 68.4 MB.
System memory in use after: 68.5 MB.

Unloading 24 unused Assets to reduce memory usage. Loaded Objects now: 1917.
Total: 3.082900 ms (FindLiveObjects: 0.494800 ms CreateObjectMapping: 0.142800 ms MarkObjects: 2.413100 ms  DeleteObjects: 0.029500 ms)

AssetImportWorkerClient::OnTransportError - code=2 error=End of file
